::1 - - [22/Jan/2021:10:33:29 +0000] "GET / HTTP/1.1" 304 - "-" "Mozilla/5.0 (Macintosh; Intel Mac OS X 10_15_7) AppleWebKit/537.36 (KHTML, like Gecko) Chrome/88.0.4324.96 Safari/537.36"
::1 - - [22/Jan/2021:10:33:29 +0000] "GET /favicon.ico HTTP/1.1" 404 150 "http://localhost:3000/" "Mozilla/5.0 (Macintosh; Intel Mac OS X 10_15_7) AppleWebKit/537.36 (KHTML, like Gecko) Chrome/88.0.4324.96 Safari/537.36"
::1 - - [22/Jan/2021:10:34:10 +0000] "GET / HTTP/1.1" 304 - "-" "Mozilla/5.0 (Macintosh; Intel Mac OS X 10_15_7) AppleWebKit/537.36 (KHTML, like Gecko) Chrome/88.0.4324.96 Safari/537.36"
::1 - - [22/Jan/2021:10:34:24 +0000] "GET / HTTP/1.1" 200 12 "-" "Mozilla/5.0 (Macintosh; Intel Mac OS X 10_15_7) AppleWebKit/605.1.15 (KHTML, like Gecko) Version/14.0 Safari/605.1.15"
::1 - - [22/Jan/2021:10:34:24 +0000] "GET /favicon.ico HTTP/1.1" 404 150 "http://localhost:3000/" "Mozilla/5.0 (Macintosh; Intel Mac OS X 10_15_7) AppleWebKit/605.1.15 (KHTML, like Gecko) Version/14.0 Safari/605.1.15"
::1 - - [22/Jan/2021:10:34:39 +0000] "GET / HTTP/1.1" 304 - "-" "Mozilla/5.0 (Macintosh; Intel Mac OS X 10_15_7) AppleWebKit/537.36 (KHTML, like Gecko) Chrome/88.0.4324.96 Safari/537.36"
::1 - - [22/Jan/2021:12:53:13 +0000] "POST /api/user HTTP/1.1" 404 148 "http://localhost:8100/registration/R01" "Mozilla/5.0 (X11; Linux x86_64) AppleWebKit/537.36 (KHTML, like Gecko) Chrome/79.0.3945.79 Safari/537.36"
::1 - - [22/Jan/2021:12:55:44 +0000] "GET /api/user HTTP/1.1" 404 147 "-" "PostmanRuntime/7.26.8"
::1 - - [22/Jan/2021:12:55:48 +0000] "POST /api/user HTTP/1.1" 404 148 "-" "PostmanRuntime/7.26.8"
::1 - - [22/Jan/2021:12:57:14 +0000] "GET /api/user HTTP/1.1" 404 147 "-" "PostmanRuntime/7.26.8"
::1 - - [22/Jan/2021:12:57:15 +0000] "GET /api/user HTTP/1.1" 404 147 "-" "PostmanRuntime/7.26.8"
::1 - - [22/Jan/2021:12:57:16 +0000] "GET /api/user HTTP/1.1" 404 147 "-" "PostmanRuntime/7.26.8"
::1 - - [22/Jan/2021:12:58:03 +0000] "GET /api/user HTTP/1.1" 404 147 "-" "PostmanRuntime/7.26.8"
::1 - - [22/Jan/2021:12:59:40 +0000] "GET /api/user HTTP/1.1" 404 147 "-" "PostmanRuntime/7.26.8"
::1 - - [22/Jan/2021:12:59:42 +0000] "GET /api/user HTTP/1.1" 404 147 "-" "PostmanRuntime/7.26.8"
::1 - - [22/Jan/2021:12:59:52 +0000] "GET /api/user HTTP/1.1" 404 147 "-" "PostmanRuntime/7.26.8"
::1 - - [22/Jan/2021:12:59:53 +0000] "GET /api/user HTTP/1.1" 404 147 "-" "PostmanRuntime/7.26.8"
::1 - - [22/Jan/2021:13:01:25 +0000] "GET /api/user HTTP/1.1" 200 12 "-" "PostmanRuntime/7.26.8"
::1 - - [22/Jan/2021:13:01:26 +0000] "GET /api/user HTTP/1.1" 200 12 "-" "PostmanRuntime/7.26.8"
::1 - - [22/Jan/2021:13:01:27 +0000] "GET /api/user HTTP/1.1" 200 12 "-" "PostmanRuntime/7.26.8"
::1 - - [22/Jan/2021:13:01:28 +0000] "GET /api/user HTTP/1.1" 200 12 "-" "PostmanRuntime/7.26.8"
::1 - - [22/Jan/2021:13:01:33 +0000] "GET /api/user HTTP/1.1" 200 12 "-" "PostmanRuntime/7.26.8"
::1 - - [22/Jan/2021:13:01:42 +0000] "GET /api/user HTTP/1.1" 200 12 "-" "Mozilla/5.0 (Macintosh; Intel Mac OS X 10_15_7) AppleWebKit/537.36 (KHTML, like Gecko) Chrome/88.0.4324.96 Safari/537.36"
::1 - - [22/Jan/2021:13:05:55 +0000] "POST /api/user HTTP/1.1" 200 140 "-" "PostmanRuntime/7.26.8"
::1 - - [22/Jan/2021:13:14:57 +0000] "GET / HTTP/1.1" 404 139 "-" "Mozilla/5.0 (Macintosh; Intel Mac OS X 10_15_7) AppleWebKit/537.36 (KHTML, like Gecko) Chrome/88.0.4324.96 Safari/537.36"
::1 - - [22/Jan/2021:13:25:42 +0000] "POST /api/user HTTP/1.1" 400 39 "-" "PostmanRuntime/7.26.8"
::1 - - [22/Jan/2021:13:28:41 +0000] "POST /api/user HTTP/1.1" 200 325 "-" "PostmanRuntime/7.26.8"
::1 - - [23/Jan/2021:08:56:09 +0000] "GET / HTTP/1.1" 404 139 "-" "Mozilla/5.0 (Macintosh; Intel Mac OS X 10_15_7) AppleWebKit/537.36 (KHTML, like Gecko) Chrome/88.0.4324.96 Safari/537.36"
::1 - - [23/Jan/2021:08:56:15 +0000] "GET / HTTP/1.1" 404 139 "-" "Mozilla/5.0 (Macintosh; Intel Mac OS X 10_15_7) AppleWebKit/537.36 (KHTML, like Gecko) Chrome/88.0.4324.96 Safari/537.36"
::1 - - [23/Jan/2021:08:57:32 +0000] "POST /api/user HTTP/1.1" 200 2 "-" "PostmanRuntime/7.26.8"
::1 - - [23/Jan/2021:08:58:57 +0000] "POST /api/user HTTP/1.1" 200 2 "-" "PostmanRuntime/7.26.8"
::1 - - [23/Jan/2021:09:00:16 +0000] "POST /api/user HTTP/1.1" 200 2 "-" "PostmanRuntime/7.26.8"
::1 - - [23/Jan/2021:09:03:18 +0000] "POST /api/user HTTP/1.1" 200 2 "-" "PostmanRuntime/7.26.8"
::1 - - [23/Jan/2021:09:05:54 +0000] "POST /api/user HTTP/1.1" 200 2 "-" "PostmanRuntime/7.26.8"
::1 - - [23/Jan/2021:09:09:40 +0000] "POST /api/user HTTP/1.1" 200 2 "-" "PostmanRuntime/7.26.8"
::1 - - [23/Jan/2021:09:12:00 +0000] "POST /api/user HTTP/1.1" 200 2 "-" "PostmanRuntime/7.26.8"
::1 - - [23/Jan/2021:09:12:32 +0000] "POST /api/user HTTP/1.1" 200 2 "-" "PostmanRuntime/7.26.8"
::1 - - [23/Jan/2021:09:13:25 +0000] "POST /api/user HTTP/1.1" 200 2 "-" "PostmanRuntime/7.26.8"
::1 - - [23/Jan/2021:10:37:40 +0000] "POST /api/user HTTP/1.1" 200 2 "-" "PostmanRuntime/7.26.8"
::1 - - [23/Jan/2021:10:38:26 +0000] "POST /api/user HTTP/1.1" 200 2 "-" "PostmanRuntime/7.26.8"
::1 - - [23/Jan/2021:10:39:09 +0000] "POST /api/user HTTP/1.1" 200 2 "-" "PostmanRuntime/7.26.8"
::1 - - [23/Jan/2021:10:39:58 +0000] "POST /api/user HTTP/1.1" 200 2 "-" "PostmanRuntime/7.26.8"
::1 - - [23/Jan/2021:10:40:15 +0000] "POST /api/user HTTP/1.1" 200 2 "-" "PostmanRuntime/7.26.8"
::1 - - [23/Jan/2021:10:42:13 +0000] "POST /api/user HTTP/1.1" 200 2 "-" "PostmanRuntime/7.26.8"
::1 - - [23/Jan/2021:10:42:37 +0000] "POST /api/user HTTP/1.1" 200 2 "-" "PostmanRuntime/7.26.8"
::1 - - [23/Jan/2021:10:43:57 +0000] "POST /api/user HTTP/1.1" 200 2 "-" "PostmanRuntime/7.26.8"
::1 - - [23/Jan/2021:10:45:14 +0000] "POST /api/user HTTP/1.1" 200 2 "-" "PostmanRuntime/7.26.8"
::1 - - [23/Jan/2021:10:45:57 +0000] "POST /api/user HTTP/1.1" 200 2 "-" "PostmanRuntime/7.26.8"
::1 - - [23/Jan/2021:10:46:29 +0000] "POST /api/user HTTP/1.1" 200 2 "-" "PostmanRuntime/7.26.8"
::1 - - [23/Jan/2021:10:48:36 +0000] "POST /api/user HTTP/1.1" 200 2 "-" "PostmanRuntime/7.26.8"
::1 - - [23/Jan/2021:10:50:20 +0000] "POST /api/user HTTP/1.1" 200 2 "-" "PostmanRuntime/7.26.8"
::1 - - [23/Jan/2021:10:50:33 +0000] "POST /api/user HTTP/1.1" 200 2 "-" "PostmanRuntime/7.26.8"
::1 - - [23/Jan/2021:10:51:57 +0000] "POST /api/user HTTP/1.1" 200 2 "-" "PostmanRuntime/7.26.8"
::1 - - [23/Jan/2021:10:58:22 +0000] "POST /api/user HTTP/1.1" 200 2 "-" "PostmanRuntime/7.26.8"
::1 - - [23/Jan/2021:10:59:01 +0000] "POST /api/user HTTP/1.1" 200 2 "-" "PostmanRuntime/7.26.8"
::1 - - [23/Jan/2021:11:20:28 +0000] "POST /api/user HTTP/1.1" 200 2 "-" "PostmanRuntime/7.26.8"
::1 - - [23/Jan/2021:11:22:14 +0000] "POST /api/user HTTP/1.1" 200 2 "-" "PostmanRuntime/7.26.8"
::1 - - [23/Jan/2021:11:26:39 +0000] "POST /api/user HTTP/1.1" 200 2 "-" "PostmanRuntime/7.26.8"
::1 - - [24/Jan/2021:12:11:53 +0000] "POST /api/user HTTP/1.1" 200 2 "-" "PostmanRuntime/7.26.8"
::1 - - [24/Jan/2021:12:12:44 +0000] "POST /api/user HTTP/1.1" 200 2 "-" "PostmanRuntime/7.26.8"
::1 - - [24/Jan/2021:12:13:21 +0000] "POST /api/user HTTP/1.1" 200 2 "-" "PostmanRuntime/7.26.8"
::1 - - [24/Jan/2021:12:13:43 +0000] "POST /api/user HTTP/1.1" 200 2 "-" "PostmanRuntime/7.26.8"
::1 - - [24/Jan/2021:12:14:05 +0000] "POST /api/user HTTP/1.1" 200 2 "-" "PostmanRuntime/7.26.8"
::1 - - [24/Jan/2021:12:14:29 +0000] "POST /api/user HTTP/1.1" 200 2 "-" "PostmanRuntime/7.26.8"
::1 - - [24/Jan/2021:12:17:07 +0000] "POST /api/user HTTP/1.1" 200 2 "-" "PostmanRuntime/7.26.8"
::1 - - [24/Jan/2021:12:18:01 +0000] "POST /api/user HTTP/1.1" - - "-" "PostmanRuntime/7.26.8"
::1 - - [24/Jan/2021:12:18:18 +0000] "POST /api/user HTTP/1.1" 200 2 "-" "PostmanRuntime/7.26.8"
::1 - - [24/Jan/2021:12:19:43 +0000] "POST /api/user HTTP/1.1" 200 2 "-" "PostmanRuntime/7.26.8"
::1 - - [24/Jan/2021:12:19:56 +0000] "POST /api/user HTTP/1.1" 200 2 "-" "PostmanRuntime/7.26.8"
::1 - - [24/Jan/2021:12:20:29 +0000] "POST /api/user HTTP/1.1" 200 2 "-" "PostmanRuntime/7.26.8"
::1 - - [24/Jan/2021:12:21:21 +0000] "POST /api/user HTTP/1.1" 200 2 "-" "PostmanRuntime/7.26.8"
::1 - - [24/Jan/2021:12:21:59 +0000] "POST /api/user HTTP/1.1" - - "-" "PostmanRuntime/7.26.8"
::1 - - [24/Jan/2021:12:26:30 +0000] "POST /api/user HTTP/1.1" 200 422 "-" "PostmanRuntime/7.26.8"
::1 - - [24/Jan/2021:12:27:13 +0000] "POST /api/user HTTP/1.1" 200 2 "-" "PostmanRuntime/7.26.8"
::1 - - [24/Jan/2021:12:28:55 +0000] "POST /api/user HTTP/1.1" 200 2 "-" "PostmanRuntime/7.26.8"
::1 - - [24/Jan/2021:12:29:05 +0000] "POST /api/user HTTP/1.1" 200 2 "-" "PostmanRuntime/7.26.8"
::1 - - [24/Jan/2021:12:29:24 +0000] "POST /api/user HTTP/1.1" 200 2 "-" "PostmanRuntime/7.26.8"
::1 - - [24/Jan/2021:12:29:54 +0000] "POST /api/user HTTP/1.1" 200 2 "-" "PostmanRuntime/7.26.8"
::1 - - [24/Jan/2021:12:29:55 +0000] "POST /api/user HTTP/1.1" 200 2 "-" "PostmanRuntime/7.26.8"
::1 - - [24/Jan/2021:12:29:56 +0000] "POST /api/user HTTP/1.1" 200 2 "-" "PostmanRuntime/7.26.8"
::1 - - [24/Jan/2021:12:29:56 +0000] "POST /api/user HTTP/1.1" 200 2 "-" "PostmanRuntime/7.26.8"
::1 - - [24/Jan/2021:12:30:19 +0000] "POST /api/user HTTP/1.1" 200 2 "-" "PostmanRuntime/7.26.8"
::1 - - [24/Jan/2021:12:31:09 +0000] "POST /api/user HTTP/1.1" 200 2 "-" "PostmanRuntime/7.26.8"
::1 - - [24/Jan/2021:12:31:23 +0000] "POST /api/user HTTP/1.1" 200 2 "-" "PostmanRuntime/7.26.8"
::1 - - [24/Jan/2021:12:32:16 +0000] "POST /api/user HTTP/1.1" 200 2 "-" "PostmanRuntime/7.26.8"
::1 - - [24/Jan/2021:12:34:37 +0000] "POST /api/user HTTP/1.1" 200 2 "-" "PostmanRuntime/7.26.8"
::1 - - [24/Jan/2021:12:35:15 +0000] "POST /api/user HTTP/1.1" 200 2 "-" "PostmanRuntime/7.26.8"
::1 - - [24/Jan/2021:12:36:37 +0000] "POST /api/user HTTP/1.1" 200 2 "-" "PostmanRuntime/7.26.8"
::1 - - [24/Jan/2021:12:40:03 +0000] "POST /api/user HTTP/1.1" 200 2 "-" "PostmanRuntime/7.26.8"
::1 - - [24/Jan/2021:12:40:50 +0000] "POST /api/user HTTP/1.1" 200 2 "-" "PostmanRuntime/7.26.8"
::1 - - [24/Jan/2021:12:43:27 +0000] "POST /api/user HTTP/1.1" 200 2 "-" "PostmanRuntime/7.26.8"
::1 - - [24/Jan/2021:12:46:30 +0000] "POST /api/user HTTP/1.1" 200 388 "-" "PostmanRuntime/7.26.8"
::1 - - [24/Jan/2021:12:46:38 +0000] "POST /api/user HTTP/1.1" 200 388 "-" "PostmanRuntime/7.26.8"
::1 - - [24/Jan/2021:12:46:39 +0000] "POST /api/user HTTP/1.1" 200 388 "-" "PostmanRuntime/7.26.8"
::1 - - [24/Jan/2021:12:46:40 +0000] "POST /api/user HTTP/1.1" 200 388 "-" "PostmanRuntime/7.26.8"
::1 - - [24/Jan/2021:12:46:40 +0000] "POST /api/user HTTP/1.1" 200 388 "-" "PostmanRuntime/7.26.8"
::1 - - [24/Jan/2021:12:49:40 +0000] "POST /api/user HTTP/1.1" - - "-" "PostmanRuntime/7.26.8"
::1 - - [24/Jan/2021:12:50:04 +0000] "POST /api/user HTTP/1.1" - - "-" "PostmanRuntime/7.26.8"
::1 - - [24/Jan/2021:13:38:38 +0000] "POST /api/user HTTP/1.1" - - "-" "PostmanRuntime/7.26.8"
::1 - - [24/Jan/2021:13:39:00 +0000] "POST /api/user HTTP/1.1" 200 388 "-" "PostmanRuntime/7.26.8"
::1 - - [24/Jan/2021:13:42:51 +0000] "POST /api/user HTTP/1.1" 200 388 "-" "PostmanRuntime/7.26.8"
::1 - - [24/Jan/2021:13:43:28 +0000] "POST /api/user HTTP/1.1" 200 388 "-" "PostmanRuntime/7.26.8"
::1 - - [24/Jan/2021:13:45:40 +0000] "POST /api/user HTTP/1.1" 200 388 "-" "PostmanRuntime/7.26.8"
::1 - - [24/Jan/2021:13:47:03 +0000] "POST /api/user HTTP/1.1" 200 388 "-" "PostmanRuntime/7.26.8"
::1 - - [24/Jan/2021:13:47:42 +0000] "POST /api/user HTTP/1.1" 200 388 "-" "PostmanRuntime/7.26.8"
::1 - - [24/Jan/2021:13:49:57 +0000] "POST /api/user HTTP/1.1" 200 388 "-" "PostmanRuntime/7.26.8"
::1 - - [24/Jan/2021:18:26:33 +0000] "POST /api/user HTTP/1.1" - - "-" "PostmanRuntime/7.26.8"
::1 - - [24/Jan/2021:18:28:46 +0000] "POST /api/user HTTP/1.1" 500 49 "-" "PostmanRuntime/7.26.8"
::1 - - [24/Jan/2021:18:29:40 +0000] "POST /api/user HTTP/1.1" 500 45 "-" "PostmanRuntime/7.26.8"
::1 - - [24/Jan/2021:18:30:21 +0000] "POST /api/user HTTP/1.1" - - "-" "PostmanRuntime/7.26.8"
::1 - - [24/Jan/2021:18:30:33 +0000] "POST /api/user HTTP/1.1" 500 59 "-" "PostmanRuntime/7.26.8"
::1 - - [24/Jan/2021:20:47:03 +0000] "POST /api/user HTTP/1.1" 200 388 "-" "PostmanRuntime/7.26.8"
::1 - - [24/Jan/2021:21:00:26 +0000] "POST /api/user HTTP/1.1" 200 388 "-" "PostmanRuntime/7.26.8"
::1 - - [24/Jan/2021:22:05:31 +0000] "POST /api/user HTTP/1.1" - - "-" "PostmanRuntime/7.26.8"
::1 - - [24/Jan/2021:22:05:59 +0000] "POST /api/user HTTP/1.1" 500 59 "-" "PostmanRuntime/7.26.8"
::1 - - [24/Jan/2021:22:07:04 +0000] "POST /api/user HTTP/1.1" 200 388 "-" "PostmanRuntime/7.26.8"
::1 - - [24/Jan/2021:22:07:07 +0000] "POST /api/user HTTP/1.1" 200 388 "-" "PostmanRuntime/7.26.8"
::1 - - [24/Jan/2021:22:07:09 +0000] "POST /api/user HTTP/1.1" 200 388 "-" "PostmanRuntime/7.26.8"
::1 - - [24/Jan/2021:22:09:40 +0000] "POST /api/user HTTP/1.1" 200 388 "-" "PostmanRuntime/7.26.8"
::1 - - [24/Jan/2021:22:11:33 +0000] "POST /api/user HTTP/1.1" 200 388 "-" "PostmanRuntime/7.26.8"
::1 - - [24/Jan/2021:22:12:26 +0000] "POST /api/user HTTP/1.1" 200 388 "-" "PostmanRuntime/7.26.8"
::1 - - [24/Jan/2021:22:13:43 +0000] "POST /api/user HTTP/1.1" 200 388 "-" "PostmanRuntime/7.26.8"
::1 - - [24/Jan/2021:22:19:31 +0000] "POST /api/user HTTP/1.1" 200 388 "-" "PostmanRuntime/7.26.8"
::1 - - [24/Jan/2021:22:20:38 +0000] "POST /api/user HTTP/1.1" 200 388 "-" "PostmanRuntime/7.26.8"
::1 - - [24/Jan/2021:22:21:47 +0000] "POST /api/user HTTP/1.1" 500 30 "-" "PostmanRuntime/7.26.8"
::1 - - [24/Jan/2021:22:23:07 +0000] "POST /api/user HTTP/1.1" 200 388 "-" "PostmanRuntime/7.26.8"
::1 - - [24/Jan/2021:22:24:34 +0000] "POST /api/user HTTP/1.1" 200 388 "-" "PostmanRuntime/7.26.8"
::1 - - [24/Jan/2021:22:28:15 +0000] "POST /api/user HTTP/1.1" 200 388 "-" "PostmanRuntime/7.26.8"
::1 - - [24/Jan/2021:22:29:38 +0000] "POST /api/user HTTP/1.1" 200 388 "-" "PostmanRuntime/7.26.8"
::1 - - [24/Jan/2021:22:42:48 +0000] "POST /api/user HTTP/1.1" 200 388 "-" "PostmanRuntime/7.26.8"
::1 - - [24/Jan/2021:22:48:46 +0000] "POST /api/user HTTP/1.1" 200 388 "-" "PostmanRuntime/7.26.8"
::1 - - [24/Jan/2021:22:58:50 +0000] "POST /api/user HTTP/1.1" 200 388 "-" "PostmanRuntime/7.26.8"
::1 - - [24/Jan/2021:22:59:09 +0000] "POST /api/user HTTP/1.1" 200 388 "-" "PostmanRuntime/7.26.8"
::1 - - [24/Jan/2021:22:59:53 +0000] "POST /api/user HTTP/1.1" 500 30 "-" "PostmanRuntime/7.26.8"
::1 - - [24/Jan/2021:23:00:11 +0000] "POST /api/user HTTP/1.1" 200 388 "-" "PostmanRuntime/7.26.8"
::1 - - [24/Jan/2021:23:03:48 +0000] "POST /api/user HTTP/1.1" 200 388 "-" "PostmanRuntime/7.26.8"
::1 - - [24/Jan/2021:23:04:29 +0000] "POST /api/user HTTP/1.1" 500 30 "-" "PostmanRuntime/7.26.8"
::1 - - [24/Jan/2021:23:04:32 +0000] "POST /api/user HTTP/1.1" 200 388 "-" "PostmanRuntime/7.26.8"
::1 - - [24/Jan/2021:23:05:57 +0000] "POST /api/user HTTP/1.1" 200 388 "-" "PostmanRuntime/7.26.8"
::1 - - [24/Jan/2021:23:07:13 +0000] "POST /api/user HTTP/1.1" 200 388 "-" "PostmanRuntime/7.26.8"
::1 - - [24/Jan/2021:23:07:53 +0000] "POST /api/user HTTP/1.1" 200 388 "-" "PostmanRuntime/7.26.8"
::1 - - [24/Jan/2021:23:24:30 +0000] "POST /api/user HTTP/1.1" 500 59 "-" "PostmanRuntime/7.26.8"
::1 - - [24/Jan/2021:23:24:36 +0000] "POST /api/user HTTP/1.1" 500 59 "-" "PostmanRuntime/7.26.8"
::1 - - [24/Jan/2021:23:25:29 +0000] "POST /api/user HTTP/1.1" 500 71 "-" "PostmanRuntime/7.26.8"
::1 - - [24/Jan/2021:23:25:34 +0000] "POST /api/user HTTP/1.1" 500 71 "-" "PostmanRuntime/7.26.8"
::1 - - [24/Jan/2021:23:25:35 +0000] "POST /api/user HTTP/1.1" 500 71 "-" "PostmanRuntime/7.26.8"
::1 - - [24/Jan/2021:23:26:03 +0000] "POST /api/user HTTP/1.1" 200 388 "-" "PostmanRuntime/7.26.8"
::1 - - [25/Jan/2021:13:09:43 +0000] "POST /api/user HTTP/1.1" 200 388 "-" "PostmanRuntime/7.26.8"
::1 - - [25/Jan/2021:13:09:59 +0000] "POST /api/user HTTP/1.1" 200 388 "-" "PostmanRuntime/7.26.8"
::1 - - [25/Jan/2021:13:37:43 +0000] "GET /api/user HTTP/1.1" 200 12 "-" "PostmanRuntime/7.26.8"
::1 - - [25/Jan/2021:13:37:49 +0000] "GET /api/user HTTP/1.1" 200 12 "-" "PostmanRuntime/7.26.8"
::1 - - [25/Jan/2021:13:37:51 +0000] "GET /api/user HTTP/1.1" 200 12 "-" "PostmanRuntime/7.26.8"
::1 - - [25/Jan/2021:13:38:56 +0000] "GET /api/user HTTP/1.1" 401 14 "-" "PostmanRuntime/7.26.8"
::1 - - [25/Jan/2021:13:38:58 +0000] "GET /api/user HTTP/1.1" 401 14 "-" "PostmanRuntime/7.26.8"
::1 - - [25/Jan/2021:13:39:13 +0000] "POST /api/user HTTP/1.1" 200 388 "-" "PostmanRuntime/7.26.8"
::1 - - [25/Jan/2021:13:39:58 +0000] "GET /api/user HTTP/1.1" - - "-" "PostmanRuntime/7.26.8"
::1 - - [25/Jan/2021:13:43:49 +0000] "GET /api/user HTTP/1.1" - - "-" "PostmanRuntime/7.26.8"
::1 - - [25/Jan/2021:13:46:48 +0000] "GET /api/user HTTP/1.1" - - "-" "PostmanRuntime/7.26.8"
::1 - - [25/Jan/2021:13:47:33 +0000] "GET /api/user HTTP/1.1" 200 16 "-" "PostmanRuntime/7.26.8"
::1 - - [25/Jan/2021:13:47:41 +0000] "GET /api/user HTTP/1.1" 401 14 "-" "PostmanRuntime/7.26.8"
::1 - - [25/Jan/2021:13:47:45 +0000] "GET /api/user HTTP/1.1" 400 13 "-" "PostmanRuntime/7.26.8"
::1 - - [25/Jan/2021:18:04:30 +0000] "GET /api/user HTTP/1.1" 400 13 "-" "PostmanRuntime/7.26.8"
::1 - - [25/Jan/2021:18:04:37 +0000] "GET /api/user HTTP/1.1" 400 13 "-" "PostmanRuntime/7.26.8"
::1 - - [25/Jan/2021:18:04:42 +0000] "GET /api/user HTTP/1.1" 401 14 "-" "PostmanRuntime/7.26.8"
::1 - - [31/Jan/2021:12:22:29 +0000] "POST /api/user HTTP/1.1" 200 388 "http://localhost:8100/registration/R01" "Mozilla/5.0 (X11; Linux x86_64) AppleWebKit/537.36 (KHTML, like Gecko) Chrome/79.0.3945.79 Safari/537.36"
::1 - - [31/Jan/2021:12:24:51 +0000] "POST /api/user HTTP/1.1" 200 395 "http://localhost:8100/registration/R01" "Mozilla/5.0 (X11; Linux x86_64) AppleWebKit/537.36 (KHTML, like Gecko) Chrome/79.0.3945.79 Safari/537.36"
